#
# There is insufficient memory for the Java Runtime Environment to continue.
# Native memory allocation (mmap) failed to map 536870912 bytes for G1 virtual space
# Possible reasons:
#   The system is out of physical RAM or swap space
#   The process is running with CompressedOops enabled, and the Java Heap may be blocking the growth of the native heap
# Possible solutions:
#   Reduce memory load on the system
#   Increase physical memory or swap space
#   Check if swap backing store is full
#   Decrease Java heap size (-Xmx/-Xms)
#   Decrease number of Java threads
#   Decrease Java thread stack sizes (-Xss)
#   Set larger code cache with -XX:ReservedCodeCacheSize=
#   JVM is running with Zero Based Compressed Oops mode in which the Java heap is
#     placed in the first 32GB address space. The Java Heap base address is the
#     maximum limit for the native heap growth. Please use -XX:HeapBaseMinAddress
#     to set the Java Heap base and to place the Java Heap above 32GB virtual address.
# This output file may be truncated or incomplete.
#
#  Out of Memory Error (os_windows.cpp:3769), pid=6520, tid=6552
#
# JRE version:  (17.0.6) (build )
# Java VM: OpenJDK 64-Bit Server VM (17.0.6+0-b2043.56-10027231, mixed mode, sharing, tiered, compressed oops, compressed class ptrs, g1 gc, windows-amd64)
# No core dump will be written. Minidumps are not enabled by default on client versions of Windows
#

---------------  S U M M A R Y ------------

Command Line: git4idea.http.GitAskPassApp Username for 'https://github.com': 

Host: AMD Ryzen 5 5600G with Radeon Graphics         , 12 cores, 31G,  Windows 11 , 64 bit Build 22621 (10.0.22621.2215)
Time: Mon Sep 11 21:58:49 2023 Hora oficial do Brasil elapsed time: 0.008328 seconds (0d 0h 0m 0s)

---------------  T H R E A D  ---------------

Current thread (0x0000017411fb1620):  JavaThread "Unknown thread" [_thread_in_vm, id=6552, stack(0x00000022f8b00000,0x00000022f8c00000)]

Stack: [0x00000022f8b00000,0x00000022f8c00000]
Native frames: (J=compiled Java code, j=interpreted, Vv=VM code, C=native code)
V  [jvm.dll+0x683c9a]
V  [jvm.dll+0x8427a4]
V  [jvm.dll+0x843f9e]
V  [jvm.dll+0x844603]
V  [jvm.dll+0x249b75]
V  [jvm.dll+0x680b69]
V  [jvm.dll+0x67505a]
V  [jvm.dll+0x309acb]
V  [jvm.dll+0x310f86]
V  [jvm.dll+0x3608ee]
V  [jvm.dll+0x360b1f]
V  [jvm.dll+0x2dfbf8]
V  [jvm.dll+0x2e0b64]
V  [jvm.dll+0x814091]
V  [jvm.dll+0x36e6a1]
V  [jvm.dll+0x7f35cc]
V  [jvm.dll+0x3f0e8f]
V  [jvm.dll+0x3f29d1]
C  [jli.dll+0x526b]
C  [ucrtbase.dll+0x29363]
C  [KERNEL32.DLL+0x1257d]
C  [ntdll.dll+0x5aa68]


---------------  P R O C E S S  ---------------

Threads class SMR info:
_java_thread_list=0x00007ffcb2d3c058, length=0, elements={
}

Java Threads: ( => current thread )

Other Threads:
  0x0000017412060770 GCTaskThread "GC Thread#0" [stack: 0x00000022f8c00000,0x00000022f8d00000] [id=32100]
  0x00000174377f4020 ConcurrentGCThread "G1 Main Marker" [stack: 0x00000022f8d00000,0x00000022f8e00000] [id=21028]
  0x00000174377f4a30 ConcurrentGCThread "G1 Conc#0" [stack: 0x00000022f8e00000,0x00000022f8f00000] [id=31268]

[error occurred during error reporting (printing all threads), id 0xc0000005, EXCEPTION_ACCESS_VIOLATION (0xc0000005) at pc=0x00007ffcb24f0797]

VM state: not at safepoint (not fully initialized)

VM Mutex/Monitor currently owned by a thread:  ([mutex/lock_event])
[0x0000017411fada50] Heap_lock - owner thread: 0x0000017411fb1620

Heap address: 0x0000000603400000, size: 8140 MB, Compressed Oops mode: Zero based, Oop shift amount: 3

CDS archive(s) mapped at: [0x0000000000000000-0x0000000000000000-0x0000000000000000), size 0, SharedBaseAddress: 0x0000000800000000, ArchiveRelocationMode: 0.
Narrow klass base: 0x0000000000000000, Narrow klass shift: 0, Narrow klass range: 0x0

GC Precious Log:
<Empty>

Heap:
 garbage-first heap   total 0K, used 0K [0x0000000603400000, 0x0000000800000000)
  region size 4096K, 0 young (0K), 0 survivors (0K)

[error occurred during error reporting (printing heap information), id 0xc0000005, EXCEPTION_ACCESS_VIOLATION (0xc0000005) at pc=0x00007ffcb28dda89]

GC Heap History (0 events):
No events

Dll operation events (1 events):
Event: 0.005 Loaded shared library C:\Program Files\Android\Android Studio\jbr\bin\java.dll

Deoptimization events (0 events):
No events

Classes unloaded (0 events):
No events

Classes redefined (0 events):
No events

Internal exceptions (0 events):
No events

VM Operations (0 events):
No events

Events (0 events):
No events


Dynamic libraries:
0x00007ff7cda10000 - 0x00007ff7cda1a000 	C:\Program Files\Android\Android Studio\jbr\bin\java.exe
0x00007ffd52c30000 - 0x00007ffd52e44000 	C:\WINDOWS\SYSTEM32\ntdll.dll
0x00007ffd50d20000 - 0x00007ffd50de4000 	C:\WINDOWS\System32\KERNEL32.DLL
0x00007ffd50080000 - 0x00007ffd50424000 	C:\WINDOWS\System32\KERNELBASE.dll
0x00007ffd507e0000 - 0x00007ffd508f1000 	C:\WINDOWS\System32\ucrtbase.dll
0x00007ffd43970000 - 0x00007ffd43987000 	C:\Program Files\Android\Android Studio\jbr\bin\jli.dll
0x00007ffd2c8d0000 - 0x00007ffd2c8eb000 	C:\Program Files\Android\Android Studio\jbr\bin\VCRUNTIME140.dll
0x00007ffd52880000 - 0x00007ffd52a2e000 	C:\WINDOWS\System32\USER32.dll
0x00007ffd45420000 - 0x00007ffd456b3000 	C:\WINDOWS\WinSxS\amd64_microsoft.windows.common-controls_6595b64144ccf1df_6.0.22621.2215_none_270d72677387dfc3\COMCTL32.dll
0x00007ffd50050000 - 0x00007ffd50076000 	C:\WINDOWS\System32\win32u.dll
0x00007ffd51650000 - 0x00007ffd51679000 	C:\WINDOWS\System32\GDI32.dll
0x00007ffd512d0000 - 0x00007ffd51377000 	C:\WINDOWS\System32\msvcrt.dll
0x00007ffd50430000 - 0x00007ffd50548000 	C:\WINDOWS\System32\gdi32full.dll
0x00007ffd50740000 - 0x00007ffd507da000 	C:\WINDOWS\System32\msvcp_win.dll
0x00007ffd51180000 - 0x00007ffd511b1000 	C:\WINDOWS\System32\IMM32.DLL
0x00007ffd2bbc0000 - 0x00007ffd2bbcc000 	C:\Program Files\Android\Android Studio\jbr\bin\vcruntime140_1.dll
0x00007ffcfd6d0000 - 0x00007ffcfd75d000 	C:\Program Files\Android\Android Studio\jbr\bin\msvcp140.dll
0x00007ffcb2200000 - 0x00007ffcb2e6e000 	C:\Program Files\Android\Android Studio\jbr\bin\server\jvm.dll
0x00007ffd516a0000 - 0x00007ffd51750000 	C:\WINDOWS\System32\ADVAPI32.dll
0x00007ffd51390000 - 0x00007ffd51436000 	C:\WINDOWS\System32\sechost.dll
0x00007ffd509c0000 - 0x00007ffd50ad7000 	C:\WINDOWS\System32\RPCRT4.dll
0x00007ffd4aa40000 - 0x00007ffd4aa49000 	C:\WINDOWS\SYSTEM32\WSOCK32.dll
0x00007ffd48a40000 - 0x00007ffd48a74000 	C:\WINDOWS\SYSTEM32\WINMM.dll
0x00007ffd51450000 - 0x00007ffd514c1000 	C:\WINDOWS\System32\WS2_32.dll
0x00007ffd48720000 - 0x00007ffd4872a000 	C:\WINDOWS\SYSTEM32\VERSION.dll
0x00007ffd4f090000 - 0x00007ffd4f0a8000 	C:\WINDOWS\SYSTEM32\kernel.appcore.dll
0x00007ffd4b8b0000 - 0x00007ffd4b8ba000 	C:\Program Files\Android\Android Studio\jbr\bin\jimage.dll
0x00007ffd45d50000 - 0x00007ffd45f7e000 	C:\WINDOWS\SYSTEM32\DBGHELP.DLL
0x00007ffd50df0000 - 0x00007ffd5117a000 	C:\WINDOWS\System32\combase.dll
0x00007ffd50ae0000 - 0x00007ffd50bb7000 	C:\WINDOWS\System32\OLEAUT32.dll
0x00007ffd22300000 - 0x00007ffd22332000 	C:\WINDOWS\SYSTEM32\dbgcore.DLL
0x00007ffd506c0000 - 0x00007ffd5073a000 	C:\WINDOWS\System32\bcryptPrimitives.dll
0x00007ffd4b180000 - 0x00007ffd4b1a5000 	C:\Program Files\Android\Android Studio\jbr\bin\java.dll

dbghelp: loaded successfully - version: 4.0.5 - missing functions: none
symbol engine: initialized successfully - sym options: 0x614 - pdb path: .;C:\Program Files\Android\Android Studio\jbr\bin;C:\WINDOWS\SYSTEM32;C:\WINDOWS\WinSxS\amd64_microsoft.windows.common-controls_6595b64144ccf1df_6.0.22621.2215_none_270d72677387dfc3;C:\Program Files\Android\Android Studio\jbr\bin\server

VM Arguments:
java_command: git4idea.http.GitAskPassApp Username for 'https://github.com': 
java_class_path (initial): C:/Program Files/Android/Android Studio/plugins/vcs-git/lib/git4idea-rt.jar;C:/Program Files/Android/Android Studio/lib/externalProcess-rt.jar;C:/Program Files/Android/Android Studio/lib/app.jar;C:/Program Files/Android/Android Studio/lib/3rd-party-rt.jar
Launcher Type: SUN_STANDARD

[Global flags]
     intx CICompilerCount                          = 4                                         {product} {ergonomic}
     uint ConcGCThreads                            = 3                                         {product} {ergonomic}
     uint G1ConcRefinementThreads                  = 10                                        {product} {ergonomic}
   size_t G1HeapRegionSize                         = 4194304                                   {product} {ergonomic}
    uintx GCDrainStackTargetSize                   = 64                                        {product} {ergonomic}
   size_t InitialHeapSize                          = 536870912                                 {product} {ergonomic}
   size_t MarkStackSize                            = 4194304                                   {product} {ergonomic}
   size_t MaxHeapSize                              = 8535408640                                {product} {ergonomic}
   size_t MinHeapDeltaBytes                        = 4194304                                   {product} {ergonomic}
   size_t MinHeapSize                              = 8388608                                   {product} {ergonomic}
    uintx NonNMethodCodeHeapSize                   = 5839372                                {pd product} {ergonomic}
    uintx NonProfiledCodeHeapSize                  = 122909434                              {pd product} {ergonomic}
    uintx ProfiledCodeHeapSize                     = 122909434                              {pd product} {ergonomic}
    uintx ReservedCodeCacheSize                    = 251658240                              {pd product} {ergonomic}
     bool SegmentedCodeCache                       = true                                      {product} {ergonomic}
   size_t SoftMaxHeapSize                          = 8535408640                             {manageable} {ergonomic}
     bool UseCompressedClassPointers               = true                           {product lp64_product} {ergonomic}
     bool UseCompressedOops                        = true                           {product lp64_product} {ergonomic}
     bool UseG1GC                                  = true                                      {product} {ergonomic}
     bool UseLargePagesIndividualAllocation        = false                                  {pd product} {ergonomic}

Logging:
Log output configuration:
 #0: stdout all=warning uptime,level,tags
 #1: stderr all=off uptime,level,tags

Environment Variables:
JAVA_HOME=C:\Program Files\Android\Android Studio\jbr
PATH=C:/Program Files/Git/mingw64/libexec/git-core;C:/Program Files/Git/mingw64/libexec/git-core;C:\Program Files\Git\mingw64\bin;C:\Program Files\Git\usr\bin;C:\Users\leoal\bin;C:\Program Files\Common Files\Oracle\Java\javapath;C:\WINDOWS\system32;C:\WINDOWS;C:\WINDOWS\System32\Wbem;C:\WINDOWS\System32\WindowsPowerShell\v1.0\;C:\WINDOWS\System32\OpenSSH\;C:\Program Files\dotnet\;C:\Program Files\Git\cmd;C:\Program Files\NVIDIA Corporation\NVIDIA NvDLISR;C:\Program Files (x86)\NVIDIA Corporation\PhysX\Common;C:\Program Files\Go\bin;C:\Users\leoal\AppData\Local\Programs\Python\Python311\Scripts\;C:\Users\leoal\AppData\Local\Programs\Python\Python311\;C:\Users\leoal\AppData\Local\Microsoft\WindowsApps;C:\Users\leoal\AppData\Local\Programs\Microsoft VS Code\bin;C:\Program Files\JetBrains\IntelliJ IDEA Community Edition 2022.2.3\bin;C:\Users\leoal\AppData\Local\Android\Sdk\platform-tools;C:\Users\leoal\AppData\Local\JetBrains\Toolbox\scripts;C:\Users\leoal\go\bin
USERNAME=leoal
DISPLAY=:0.0
LC_ALL=en_US.UTF-8
TERM=xterm-256color
TMPDIR=C:\Users\leoal\AppData\Local\Temp
OS=Windows_NT
PROCESSOR_IDENTIFIER=AMD64 Family 25 Model 80 Stepping 0, AuthenticAMD
TMP=C:\Users\leoal\AppData\Local\Temp
TEMP=C:\Users\leoal\AppData\Local\Temp


JNI global refs:

[error occurred during error reporting (JNI global references), id 0xc0000005, EXCEPTION_ACCESS_VIOLATION (0xc0000005) at pc=0x00007ffcb22b7a10]


---------------  S Y S T E M  ---------------

OS:
 Windows 11 , 64 bit Build 22621 (10.0.22621.2215)
OS uptime: 0 days 3:22 hours
Hyper-V role detected

CPU: total 12 (initial active 12) (12 cores per cpu, 2 threads per core) family 25 model 80 stepping 0 microcode 0x0, cx8, cmov, fxsr, ht, mmx, 3dnowpref, sse, sse2, sse3, ssse3, sse4a, sse4.1, sse4.2, popcnt, lzcnt, tsc, tscinvbit, avx, avx2, aes, erms, clmul, bmi1, bmi2, adx, sha, fma, vzeroupper, clflush, clflushopt, hv

Memory: 4k page, system-wide physical 32558M (676M free)
TotalPageFile size 45840M (AvailPageFile size 331M)
current process WorkingSet (physical memory assigned to process): 11M, peak: 11M
current process commit charge ("private bytes"): 64M, peak: 576M

vm_info: OpenJDK 64-Bit Server VM (17.0.6+0-b2043.56-10027231) for windows-amd64 JRE (17.0.6+0-b2043.56-10027231), built on Apr 28 2023 00:43:19 by "androidbuild" with MS VC++ 16.10 / 16.11 (VS2019)

END.
